<?xml version="1.0" encoding="UTF-8"?>
<!-- Generated by org.testng.reporters.JUnitXMLReporter -->
<testsuite hostname="Dhruv-Laptop" ignored="6" name="Test" tests="1" failures="0" timestamp="2020-07-16T22:12:06 IST" time="0.08" errors="0">
  <testcase name="@BeforeMethod beforemethod" time="-1.594917726645E9" classname="org.testing.BaseClass.Browser_Launch">
    <failure type="org.testng.TestNGException" message="
Can inject only one of &amp;lt;ITestContext, XmlTest, Method, Object[], ITestResult&amp;gt; into a @BeforeMethod annotated beforemethod.
For more information on native dependency injection please refer to https://testng.org/doc/documentation-main.html#native-dependency-injection">
      <![CDATA[org.testng.TestNGException: 
Can inject only one of <ITestContext, XmlTest, Method, Object[], ITestResult> into a @BeforeMethod annotated beforemethod.
For more information on native dependency injection please refer to https://testng.org/doc/documentation-main.html#native-dependency-injection
at java.util.ArrayList.forEach(Unknown Source)
... Removed 28 stack frames]]>
    </failure>
  </testcase> <!-- @BeforeMethod beforemethod -->
  <testcase name="@AfterMethod aftermethod" time="-1.594917726671E9" classname="org.testing.BaseClass.Browser_Launch">
    <skipped/>
  </testcase> <!-- @AfterMethod aftermethod -->
  <testcase name="Testcase1" time="0.0" classname="org.testing.TestScripts.TC1">
    <skipped/>
  </testcase> <!-- Testcase1 -->
  <testcase name="Testcase5" time="0.0" classname="org.testing.TestScripts.TC5">
    <ignored/>
  </testcase> <!-- Testcase5 -->
  <testcase name="Testcase3" time="0.0" classname="org.testing.TestScripts.TC3">
    <ignored/>
  </testcase> <!-- Testcase3 -->
  <testcase name="Testcase6" time="0.0" classname="org.testing.TestScripts.TC6">
    <ignored/>
  </testcase> <!-- Testcase6 -->
  <testcase name="Testcase2" time="0.0" classname="org.testing.TestScripts.TC2">
    <ignored/>
  </testcase> <!-- Testcase2 -->
  <testcase name="Testcase7" time="0.0" classname="org.testing.TestScripts.TC7">
    <ignored/>
  </testcase> <!-- Testcase7 -->
  <testcase name="Testcase4" time="0.0" classname="org.testing.TestScripts.TC4">
    <ignored/>
  </testcase> <!-- Testcase4 -->
</testsuite> <!-- Test -->
