<?xml version="1.0" encoding="UTF-8"?>
<!-- Generated by org.testng.reporters.JUnitXMLReporter -->
<testsuite hostname="Dhruv-Laptop" ignored="0" name="Command line test 48b4b132-9842-4f03-ac4f-bb4379a1b31d" tests="1" failures="0" timestamp="2020-07-14T15:54:35 IST" time="0.053" errors="0">
  <testcase name="@BeforeMethod beforemethod" time="-1.594722275224E9" classname="org.testing.BaseClass.Browser_Launch">
    <failure type="org.testng.TestNGException" message="
Can inject only one of &amp;lt;ITestContext, XmlTest, Method, Object[], ITestResult&amp;gt; into a @BeforeMethod annotated beforemethod.
For more information on native dependency injection please refer to https://testng.org/doc/documentation-main.html#native-dependency-injection">
      <![CDATA[org.testng.TestNGException: 
Can inject only one of <ITestContext, XmlTest, Method, Object[], ITestResult> into a @BeforeMethod annotated beforemethod.
For more information on native dependency injection please refer to https://testng.org/doc/documentation-main.html#native-dependency-injection
at java.util.ArrayList.forEach(Unknown Source)
at org.testing.RunnerClass.Runner.main(Runner.java:67)
... Removed 25 stack frames]]>
    </failure>
  </testcase> <!-- @BeforeMethod beforemethod -->
  <testcase name="@AfterMethod aftermethod" time="-1.594722275232E9" classname="org.testing.BaseClass.Browser_Launch">
    <skipped/>
  </testcase> <!-- @AfterMethod aftermethod -->
  <testcase name="Testcase1" time="0.0" classname="org.testing.TestScripts.TC1">
    <skipped/>
  </testcase> <!-- Testcase1 -->
</testsuite> <!-- Command line test 48b4b132-9842-4f03-ac4f-bb4379a1b31d -->
